[DEBUG] 2020-06-25 13:43:09.874 [main] Log4j_demo_class - This is a debug statement
[INFO ] 2020-06-25 13:43:09.876 [main] Log4j_demo_class - This is Info Log
[WARN ] 2020-06-25 13:43:09.877 [main] Log4j_demo_class - This is Warn Log
[ERROR] 2020-06-25 13:43:09.877 [main] Log4j_demo_class - This is Error Log
[FATAL] 2020-06-25 13:43:09.877 [main] Log4j_demo_class - This is Fatal Log
[DEBUG] 2020-06-25 13:43:36.076 [main] Log4j_demo_class - This is a debug statement
[INFO ] 2020-06-25 13:43:36.078 [main] Log4j_demo_class - This is Info Log
[WARN ] 2020-06-25 13:43:36.078 [main] Log4j_demo_class - This is Warn Log
[ERROR] 2020-06-25 13:43:36.078 [main] Log4j_demo_class - This is Error Log
[FATAL] 2020-06-25 13:43:36.078 [main] Log4j_demo_class - This is Fatal Log
[DEBUG] 2020-06-25 13:43:45.009 [main] Log4j_demo_class - This is a debug statement
[INFO ] 2020-06-25 13:43:45.011 [main] Log4j_demo_class - This is Info Log
[WARN ] 2020-06-25 13:43:45.011 [main] Log4j_demo_class - This is Warn Log
[ERROR] 2020-06-25 13:43:45.012 [main] Log4j_demo_class - This is Error Log
[FATAL] 2020-06-25 13:43:45.012 [main] Log4j_demo_class - This is Fatal Log
[DEBUG] 2020-06-25 13:49:24.345 [main] Log4j_demo_class - This is a debug statement
[INFO ] 2020-06-25 13:49:24.349 [main] Log4j_demo_class - This is Info Log
[WARN ] 2020-06-25 13:49:24.350 [main] Log4j_demo_class - This is Warn Log
[ERROR] 2020-06-25 13:49:24.350 [main] Log4j_demo_class - This is Error Log
[FATAL] 2020-06-25 13:49:24.350 [main] Log4j_demo_class - This is Fatal Log
